sending incremental file list
source/
source/test1.txt.original
source/test2.txt

sent 209 bytes  received 58 bytes  534,00 bytes/sec
total size is 0  speedup is 0,00
sending incremental file list
source/
source/test1.txt.original
source/test2.txt

sent 216 bytes  received 58 bytes  548,00 bytes/sec
total size is 0  speedup is 0,00
sending incremental file list
source/
source/test1.txt.original
source/test2.txt

sent 216 bytes  received 58 bytes  548,00 bytes/sec
total size is 0  speedup is 0,00
sending incremental file list
deleting source/test2.txt
deleting source/test1.txt.original
cannot delete non-empty directory: source
test1.txt.original

sent 158 bytes  received 130 bytes  576,00 bytes/sec
total size is 0  speedup is 0,00
